{"/Users/manuel/Documents/Alexis/Personal/Proyectos/Weather/App.js": {"path":"/Users/manuel/Documents/Alexis/Personal/Proyectos/Weather/App.js","statementMap":{"0":{"start":{"line":14,"column":19},"end":{"line":14,"column":38}},"1":{"start":{"line":15,"column":19},"end":{"line":15,"column":32}},"2":{"start":{"line":18,"column":25},"end":{"line":23,"column":3}},"3":{"start":{"line":19,"column":4},"end":{"line":22,"column":7}},"4":{"start":{"line":20,"column":21},"end":{"line":20,"column":63}},"5":{"start":{"line":21,"column":6},"end":{"line":21,"column":35}},"6":{"start":{"line":25,"column":2},"end":{"line":27,"column":9}},"7":{"start":{"line":26,"column":4},"end":{"line":26,"column":21}},"8":{"start":{"line":28,"column":2},"end":{"line":32,"column":4}}},"fnMap":{"0":{"name":"App","decl":{"start":{"line":12,"column":24},"end":{"line":12,"column":27}},"loc":{"start":{"line":12,"column":30},"end":{"line":33,"column":1}},"line":12},"1":{"name":"(anonymous_1)","decl":{"start":{"line":18,"column":25},"end":{"line":18,"column":26}},"loc":{"start":{"line":18,"column":37},"end":{"line":23,"column":3}},"line":18},"2":{"name":"(anonymous_2)","decl":{"start":{"line":19,"column":17},"end":{"line":19,"column":18}},"loc":{"start":{"line":19,"column":33},"end":{"line":22,"column":5}},"line":19},"3":{"name":"(anonymous_3)","decl":{"start":{"line":25,"column":12},"end":{"line":25,"column":13}},"loc":{"start":{"line":25,"column":18},"end":{"line":27,"column":3}},"line":25}},"branchMap":{},"s":{"0":1,"1":1,"2":1,"3":1,"4":4,"5":0,"6":1,"7":1,"8":1},"f":{"0":1,"1":1,"2":4,"3":1},"b":{},"_coverageSchema":"1a1c01bbd47fc00a2c39e90264f33305004495a9","hash":"01f276397a813524fc7c178f49fc062cd23f8cbf"}
,"/Users/manuel/Documents/Alexis/Personal/Proyectos/Weather/ReduxApp.js": {"path":"/Users/manuel/Documents/Alexis/Personal/Proyectos/Weather/ReduxApp.js","statementMap":{"0":{"start":{"line":6,"column":14},"end":{"line":6,"column":30}},"1":{"start":{"line":8,"column":2},"end":{"line":10,"column":13}}},"fnMap":{"0":{"name":"(anonymous_0)","decl":{"start":{"line":7,"column":26},"end":{"line":7,"column":27}},"loc":{"start":{"line":8,"column":2},"end":{"line":10,"column":13}},"line":8}},"branchMap":{},"s":{"0":1,"1":1},"f":{"0":1},"b":{},"_coverageSchema":"1a1c01bbd47fc00a2c39e90264f33305004495a9","hash":"a059aae53dcd01d0b580035486a91e8e8c9d162b"}
,"/Users/manuel/Documents/Alexis/Personal/Proyectos/Weather/app/api/apiBaseUrl.js": {"path":"/Users/manuel/Documents/Alexis/Personal/Proyectos/Weather/app/api/apiBaseUrl.js","statementMap":{"0":{"start":{"line":4,"column":19},"end":{"line":7,"column":2}}},"fnMap":{},"branchMap":{},"s":{"0":2},"f":{},"b":{},"_coverageSchema":"1a1c01bbd47fc00a2c39e90264f33305004495a9","hash":"b776bad09df4eeaaac961cb99dcfb06b795e655a"}
,"/Users/manuel/Documents/Alexis/Personal/Proyectos/Weather/app/api/weatherApiCalls.js": {"path":"/Users/manuel/Documents/Alexis/Personal/Proyectos/Weather/app/api/weatherApiCalls.js","statementMap":{"0":{"start":{"line":3,"column":23},"end":{"line":8,"column":38}},"1":{"start":{"line":4,"column":2},"end":{"line":8,"column":38}},"2":{"start":{"line":8,"column":24},"end":{"line":8,"column":37}}},"fnMap":{"0":{"name":"(anonymous_0)","decl":{"start":{"line":3,"column":23},"end":{"line":3,"column":24}},"loc":{"start":{"line":4,"column":2},"end":{"line":8,"column":38}},"line":4},"1":{"name":"(anonymous_1)","decl":{"start":{"line":8,"column":10},"end":{"line":8,"column":11}},"loc":{"start":{"line":8,"column":24},"end":{"line":8,"column":37}},"line":8}},"branchMap":{},"s":{"0":2,"1":5,"2":1},"f":{"0":5,"1":1},"b":{},"_coverageSchema":"1a1c01bbd47fc00a2c39e90264f33305004495a9","hash":"c29decaf39dc9cac8caf991472ac7b688ea207eb"}
,"/Users/manuel/Documents/Alexis/Personal/Proyectos/Weather/app/assets/sunshine.jpg": {"path":"/Users/manuel/Documents/Alexis/Personal/Proyectos/Weather/app/assets/sunshine.jpg","statementMap":{"0":{"start":{"line":1,"column":0},"end":{"line":4,"column":6}}},"fnMap":{},"branchMap":{},"s":{"0":2},"f":{},"b":{},"inputSourceMap":null,"_coverageSchema":"1a1c01bbd47fc00a2c39e90264f33305004495a9","hash":"0a51173c3d9cdc726e34629e0ccbd8b22d4ad723"}
,"/Users/manuel/Documents/Alexis/Personal/Proyectos/Weather/app/components/CityWeatherButton.js": {"path":"/Users/manuel/Documents/Alexis/Personal/Proyectos/Weather/app/components/CityWeatherButton.js","statementMap":{"0":{"start":{"line":7,"column":2},"end":{"line":14,"column":4}},"1":{"start":{"line":17,"column":15},"end":{"line":28,"column":2}}},"fnMap":{"0":{"name":"CityWeatherButton","decl":{"start":{"line":6,"column":24},"end":{"line":6,"column":41}},"loc":{"start":{"line":6,"column":67},"end":{"line":15,"column":1}},"line":6}},"branchMap":{},"s":{"0":1,"1":3},"f":{"0":1},"b":{},"_coverageSchema":"1a1c01bbd47fc00a2c39e90264f33305004495a9","hash":"c6c200c90527cf3a7cf1efbb7f3ba7088ab9bb68"}
,"/Users/manuel/Documents/Alexis/Personal/Proyectos/Weather/app/components/DetailsListComponent.js": {"path":"/Users/manuel/Documents/Alexis/Personal/Proyectos/Weather/app/components/DetailsListComponent.js","statementMap":{"0":{"start":{"line":11,"column":2},"end":{"line":88,"column":4}},"1":{"start":{"line":91,"column":15},"end":{"line":103,"column":2}}},"fnMap":{"0":{"name":"DetailsListComponent","decl":{"start":{"line":10,"column":24},"end":{"line":10,"column":44}},"loc":{"start":{"line":10,"column":55},"end":{"line":89,"column":1}},"line":10}},"branchMap":{},"s":{"0":0,"1":1},"f":{"0":0},"b":{},"_coverageSchema":"1a1c01bbd47fc00a2c39e90264f33305004495a9","hash":"e348ac6912fd2afbab92e5303afa6268a0f02568"}
,"/Users/manuel/Documents/Alexis/Personal/Proyectos/Weather/app/components/MainWeatherComponent.js": {"path":"/Users/manuel/Documents/Alexis/Personal/Proyectos/Weather/app/components/MainWeatherComponent.js","statementMap":{"0":{"start":{"line":13,"column":2},"end":{"line":22,"column":4}},"1":{"start":{"line":25,"column":15},"end":{"line":30,"column":2}}},"fnMap":{"0":{"name":"MainWeatherComponent","decl":{"start":{"line":6,"column":24},"end":{"line":6,"column":44}},"loc":{"start":{"line":12,"column":3},"end":{"line":23,"column":1}},"line":12}},"branchMap":{},"s":{"0":0,"1":1},"f":{"0":0},"b":{},"_coverageSchema":"1a1c01bbd47fc00a2c39e90264f33305004495a9","hash":"8297392ee1beeff84896884a1baf02c81b545462"}
,"/Users/manuel/Documents/Alexis/Personal/Proyectos/Weather/app/components/Screen.js": {"path":"/Users/manuel/Documents/Alexis/Personal/Proyectos/Weather/app/components/Screen.js","statementMap":{"0":{"start":{"line":7,"column":2},"end":{"line":23,"column":4}}},"fnMap":{"0":{"name":"Screen","decl":{"start":{"line":6,"column":24},"end":{"line":6,"column":30}},"loc":{"start":{"line":6,"column":45},"end":{"line":24,"column":1}},"line":6}},"branchMap":{},"s":{"0":2},"f":{"0":2},"b":{},"_coverageSchema":"1a1c01bbd47fc00a2c39e90264f33305004495a9","hash":"7b6c4149a556489fba4a63c9bc807741d02f2d55"}
,"/Users/manuel/Documents/Alexis/Personal/Proyectos/Weather/app/config/colors.js": {"path":"/Users/manuel/Documents/Alexis/Personal/Proyectos/Weather/app/config/colors.js","statementMap":{},"fnMap":{},"branchMap":{},"s":{},"f":{},"b":{},"_coverageSchema":"1a1c01bbd47fc00a2c39e90264f33305004495a9","hash":"97c9a4d8a2d39dbed2900828916b4032c85a00e5"}
,"/Users/manuel/Documents/Alexis/Personal/Proyectos/Weather/app/config/constants.js": {"path":"/Users/manuel/Documents/Alexis/Personal/Proyectos/Weather/app/config/constants.js","statementMap":{"0":{"start":{"line":1,"column":16},"end":{"line":1,"column":49}},"1":{"start":{"line":2,"column":16},"end":{"line":2,"column":50}},"2":{"start":{"line":3,"column":18},"end":{"line":3,"column":68}}},"fnMap":{},"branchMap":{},"s":{"0":3,"1":3,"2":3},"f":{},"b":{},"_coverageSchema":"1a1c01bbd47fc00a2c39e90264f33305004495a9","hash":"2e12e7e244466b1df90229e4a883721cbf32be1a"}
,"/Users/manuel/Documents/Alexis/Personal/Proyectos/Weather/app/config/helpers.js": {"path":"/Users/manuel/Documents/Alexis/Personal/Proyectos/Weather/app/config/helpers.js","statementMap":{"0":{"start":{"line":1,"column":31},"end":{"line":1,"column":70}},"1":{"start":{"line":1,"column":43},"end":{"line":1,"column":70}},"2":{"start":{"line":2,"column":34},"end":{"line":2,"column":59}},"3":{"start":{"line":2,"column":46},"end":{"line":2,"column":59}},"4":{"start":{"line":3,"column":32},"end":{"line":9,"column":1}},"5":{"start":{"line":4,"column":15},"end":{"line":4,"column":41}},"6":{"start":{"line":5,"column":15},"end":{"line":5,"column":30}},"7":{"start":{"line":7,"column":4},"end":{"line":7,"column":72}},"8":{"start":{"line":8,"column":2},"end":{"line":8,"column":30}},"9":{"start":{"line":10,"column":26},"end":{"line":11,"column":50}},"10":{"start":{"line":11,"column":2},"end":{"line":11,"column":50}}},"fnMap":{"0":{"name":"(anonymous_0)","decl":{"start":{"line":1,"column":31},"end":{"line":1,"column":32}},"loc":{"start":{"line":1,"column":43},"end":{"line":1,"column":70}},"line":1},"1":{"name":"(anonymous_1)","decl":{"start":{"line":2,"column":34},"end":{"line":2,"column":35}},"loc":{"start":{"line":2,"column":46},"end":{"line":2,"column":59}},"line":2},"2":{"name":"(anonymous_2)","decl":{"start":{"line":3,"column":32},"end":{"line":3,"column":33}},"loc":{"start":{"line":3,"column":47},"end":{"line":9,"column":1}},"line":3},"3":{"name":"(anonymous_3)","decl":{"start":{"line":10,"column":26},"end":{"line":10,"column":27}},"loc":{"start":{"line":11,"column":2},"end":{"line":11,"column":50}},"line":11}},"branchMap":{"0":{"loc":{"start":{"line":7,"column":4},"end":{"line":7,"column":72}},"type":"cond-expr","locations":[{"start":{"line":7,"column":29},"end":{"line":7,"column":52}},{"start":{"line":7,"column":55},"end":{"line":7,"column":72}}],"line":7}},"s":{"0":4,"1":1,"2":4,"3":0,"4":4,"5":1,"6":1,"7":1,"8":1,"9":4,"10":1},"f":{"0":1,"1":0,"2":1,"3":1},"b":{"0":[0,1]},"_coverageSchema":"1a1c01bbd47fc00a2c39e90264f33305004495a9","hash":"90bfa5230c1c6b13a093759f5c6393532913f769"}
,"/Users/manuel/Documents/Alexis/Personal/Proyectos/Weather/app/navigation/MainNavigator.js": {"path":"/Users/manuel/Documents/Alexis/Personal/Proyectos/Weather/app/navigation/MainNavigator.js","statementMap":{"0":{"start":{"line":6,"column":14},"end":{"line":6,"column":36}},"1":{"start":{"line":9,"column":2},"end":{"line":19,"column":4}}},"fnMap":{"0":{"name":"MainNavigator","decl":{"start":{"line":8,"column":24},"end":{"line":8,"column":37}},"loc":{"start":{"line":8,"column":40},"end":{"line":20,"column":1}},"line":8}},"branchMap":{},"s":{"0":1,"1":1},"f":{"0":1},"b":{},"_coverageSchema":"1a1c01bbd47fc00a2c39e90264f33305004495a9","hash":"3fbe6dda9fc799dbf90a5222f517b3258998ac05"}
,"/Users/manuel/Documents/Alexis/Personal/Proyectos/Weather/app/redux/store.js": {"path":"/Users/manuel/Documents/Alexis/Personal/Proyectos/Weather/app/redux/store.js","statementMap":{"0":{"start":{"line":4,"column":20},"end":{"line":6,"column":2}},"1":{"start":{"line":8,"column":23},"end":{"line":8,"column":53}},"2":{"start":{"line":8,"column":29},"end":{"line":8,"column":53}}},"fnMap":{"0":{"name":"(anonymous_0)","decl":{"start":{"line":8,"column":23},"end":{"line":8,"column":24}},"loc":{"start":{"line":8,"column":29},"end":{"line":8,"column":53}},"line":8}},"branchMap":{},"s":{"0":2,"1":2,"2":2},"f":{"0":2},"b":{},"_coverageSchema":"1a1c01bbd47fc00a2c39e90264f33305004495a9","hash":"be18ce5fe9fe54625658e56eb67f18e8fee7abcf"}
,"/Users/manuel/Documents/Alexis/Personal/Proyectos/Weather/app/redux/actions/types.js": {"path":"/Users/manuel/Documents/Alexis/Personal/Proyectos/Weather/app/redux/actions/types.js","statementMap":{"0":{"start":{"line":1,"column":35},"end":{"line":1,"column":56}},"1":{"start":{"line":2,"column":40},"end":{"line":2,"column":66}}},"fnMap":{},"branchMap":{},"s":{"0":3,"1":3},"f":{},"b":{},"_coverageSchema":"1a1c01bbd47fc00a2c39e90264f33305004495a9","hash":"993b4efaf05d9f7287b56e3f1224c04e6ee22110"}
,"/Users/manuel/Documents/Alexis/Personal/Proyectos/Weather/app/redux/actions/weather.js": {"path":"/Users/manuel/Documents/Alexis/Personal/Proyectos/Weather/app/redux/actions/weather.js","statementMap":{"0":{"start":{"line":3,"column":26},"end":{"line":6,"column":2}},"1":{"start":{"line":3,"column":37},"end":{"line":6,"column":1}},"2":{"start":{"line":8,"column":29},"end":{"line":11,"column":2}},"3":{"start":{"line":8,"column":40},"end":{"line":11,"column":1}}},"fnMap":{"0":{"name":"(anonymous_0)","decl":{"start":{"line":3,"column":26},"end":{"line":3,"column":27}},"loc":{"start":{"line":3,"column":37},"end":{"line":6,"column":1}},"line":3},"1":{"name":"(anonymous_1)","decl":{"start":{"line":8,"column":29},"end":{"line":8,"column":30}},"loc":{"start":{"line":8,"column":40},"end":{"line":11,"column":1}},"line":8}},"branchMap":{},"s":{"0":2,"1":1,"2":2,"3":0},"f":{"0":1,"1":0},"b":{},"_coverageSchema":"1a1c01bbd47fc00a2c39e90264f33305004495a9","hash":"3aee0619943da52065dc0cdc459a17f1f2147a43"}
,"/Users/manuel/Documents/Alexis/Personal/Proyectos/Weather/app/redux/reducers/wetaherReducer.js": {"path":"/Users/manuel/Documents/Alexis/Personal/Proyectos/Weather/app/redux/reducers/wetaherReducer.js","statementMap":{"0":{"start":{"line":6,"column":21},"end":{"line":8,"column":1}},"1":{"start":{"line":10,"column":23},"end":{"line":21,"column":1}},"2":{"start":{"line":11,"column":2},"end":{"line":20,"column":3}},"3":{"start":{"line":13,"column":6},"end":{"line":16,"column":8}},"4":{"start":{"line":19,"column":6},"end":{"line":19,"column":19}}},"fnMap":{"0":{"name":"(anonymous_0)","decl":{"start":{"line":10,"column":23},"end":{"line":10,"column":24}},"loc":{"start":{"line":10,"column":57},"end":{"line":21,"column":1}},"line":10}},"branchMap":{"0":{"loc":{"start":{"line":10,"column":24},"end":{"line":10,"column":44}},"type":"default-arg","locations":[{"start":{"line":10,"column":32},"end":{"line":10,"column":44}}],"line":10},"1":{"loc":{"start":{"line":11,"column":2},"end":{"line":20,"column":3}},"type":"switch","locations":[{"start":{"line":12,"column":4},"end":{"line":16,"column":8}},{"start":{"line":18,"column":4},"end":{"line":19,"column":19}}],"line":11}},"s":{"0":3,"1":3,"2":7,"3":1,"4":6},"f":{"0":7},"b":{"0":[6],"1":[1,6]},"_coverageSchema":"1a1c01bbd47fc00a2c39e90264f33305004495a9","hash":"66755656206d5fd1d8b144bea4865f0b983757e8"}
,"/Users/manuel/Documents/Alexis/Personal/Proyectos/Weather/app/screens/DetailsScreen.js": {"path":"/Users/manuel/Documents/Alexis/Personal/Proyectos/Weather/app/screens/DetailsScreen.js","statementMap":{"0":{"start":{"line":10,"column":19},"end":{"line":10,"column":36}},"1":{"start":{"line":11,"column":22},"end":{"line":11,"column":71}},"2":{"start":{"line":11,"column":45},"end":{"line":11,"column":70}},"3":{"start":{"line":12,"column":25},"end":{"line":14,"column":7}},"4":{"start":{"line":13,"column":4},"end":{"line":13,"column":44}},"5":{"start":{"line":13,"column":32},"end":{"line":13,"column":44}},"6":{"start":{"line":16,"column":2},"end":{"line":29,"column":4}},"7":{"start":{"line":32,"column":15},"end":{"line":32,"column":36}}},"fnMap":{"0":{"name":"DetailsScreen","decl":{"start":{"line":8,"column":24},"end":{"line":8,"column":37}},"loc":{"start":{"line":8,"column":49},"end":{"line":30,"column":1}},"line":8},"1":{"name":"(anonymous_1)","decl":{"start":{"line":11,"column":34},"end":{"line":11,"column":35}},"loc":{"start":{"line":11,"column":45},"end":{"line":11,"column":70}},"line":11},"2":{"name":"(anonymous_2)","decl":{"start":{"line":12,"column":44},"end":{"line":12,"column":45}},"loc":{"start":{"line":12,"column":54},"end":{"line":14,"column":3}},"line":12}},"branchMap":{"0":{"loc":{"start":{"line":13,"column":4},"end":{"line":13,"column":44}},"type":"if","locations":[{"start":{"line":13,"column":4},"end":{"line":13,"column":44}},{"start":{"line":13,"column":4},"end":{"line":13,"column":44}}],"line":13}},"s":{"0":0,"1":0,"2":0,"3":0,"4":0,"5":0,"6":0,"7":1},"f":{"0":0,"1":0,"2":0},"b":{"0":[0,0]},"_coverageSchema":"1a1c01bbd47fc00a2c39e90264f33305004495a9","hash":"2586d3e21cdd9341c2534df8006b006e8ee4d5a0"}
,"/Users/manuel/Documents/Alexis/Personal/Proyectos/Weather/app/screens/WelcomeScreen.js": {"path":"/Users/manuel/Documents/Alexis/Personal/Proyectos/Weather/app/screens/WelcomeScreen.js","statementMap":{"0":{"start":{"line":9,"column":22},"end":{"line":9,"column":71}},"1":{"start":{"line":9,"column":45},"end":{"line":9,"column":70}},"2":{"start":{"line":11,"column":2},"end":{"line":34,"column":4}},"3":{"start":{"line":21,"column":41},"end":{"line":21,"column":57}},"4":{"start":{"line":23,"column":12},"end":{"line":29,"column":14}},"5":{"start":{"line":27,"column":16},"end":{"line":27,"column":67}}},"fnMap":{"0":{"name":"WelcomeScreen","decl":{"start":{"line":7,"column":24},"end":{"line":7,"column":37}},"loc":{"start":{"line":7,"column":54},"end":{"line":35,"column":1}},"line":7},"1":{"name":"(anonymous_1)","decl":{"start":{"line":9,"column":34},"end":{"line":9,"column":35}},"loc":{"start":{"line":9,"column":45},"end":{"line":9,"column":70}},"line":9},"2":{"name":"(anonymous_2)","decl":{"start":{"line":21,"column":24},"end":{"line":21,"column":25}},"loc":{"start":{"line":21,"column":41},"end":{"line":21,"column":57}},"line":21},"3":{"name":"(anonymous_3)","decl":{"start":{"line":22,"column":22},"end":{"line":22,"column":23}},"loc":{"start":{"line":23,"column":12},"end":{"line":29,"column":14}},"line":23},"4":{"name":"(anonymous_4)","decl":{"start":{"line":26,"column":23},"end":{"line":26,"column":24}},"loc":{"start":{"line":27,"column":16},"end":{"line":27,"column":67}},"line":27}},"branchMap":{},"s":{"0":2,"1":4,"2":2,"3":0,"4":0,"5":0},"f":{"0":2,"1":4,"2":0,"3":0,"4":0},"b":{},"_coverageSchema":"1a1c01bbd47fc00a2c39e90264f33305004495a9","hash":"ba00cd7cdb28233fa90387029f0ed407d75c9263"}
}
