{"/Users/manuel/Documents/Alexis/Personal/Proyectos/Weather/App.js": {"path":"/Users/manuel/Documents/Alexis/Personal/Proyectos/Weather/App.js","statementMap":{"0":{"start":{"line":13,"column":19},"end":{"line":13,"column":65}},"1":{"start":{"line":13,"column":42},"end":{"line":13,"column":64}},"2":{"start":{"line":14,"column":28},"end":{"line":16,"column":3}},"3":{"start":{"line":15,"column":15},"end":{"line":15,"column":46}},"4":{"start":{"line":17,"column":19},"end":{"line":17,"column":32}},"5":{"start":{"line":19,"column":2},"end":{"line":28,"column":46}},"6":{"start":{"line":20,"column":27},"end":{"line":25,"column":5}},"7":{"start":{"line":21,"column":6},"end":{"line":24,"column":9}},"8":{"start":{"line":22,"column":23},"end":{"line":22,"column":65}},"9":{"start":{"line":23,"column":8},"end":{"line":23,"column":37}},"10":{"start":{"line":27,"column":4},"end":{"line":27,"column":45}},"11":{"start":{"line":27,"column":28},"end":{"line":27,"column":45}},"12":{"start":{"line":29,"column":2},"end":{"line":33,"column":4}}},"fnMap":{"0":{"name":"App","decl":{"start":{"line":11,"column":24},"end":{"line":11,"column":27}},"loc":{"start":{"line":11,"column":30},"end":{"line":34,"column":1}},"line":11},"1":{"name":"(anonymous_1)","decl":{"start":{"line":13,"column":31},"end":{"line":13,"column":32}},"loc":{"start":{"line":13,"column":42},"end":{"line":13,"column":64}},"line":13},"2":{"name":"(anonymous_2)","decl":{"start":{"line":15,"column":4},"end":{"line":15,"column":5}},"loc":{"start":{"line":15,"column":15},"end":{"line":15,"column":46}},"line":15},"3":{"name":"(anonymous_3)","decl":{"start":{"line":19,"column":12},"end":{"line":19,"column":13}},"loc":{"start":{"line":19,"column":18},"end":{"line":28,"column":3}},"line":19},"4":{"name":"(anonymous_4)","decl":{"start":{"line":20,"column":27},"end":{"line":20,"column":28}},"loc":{"start":{"line":20,"column":39},"end":{"line":25,"column":5}},"line":20},"5":{"name":"(anonymous_5)","decl":{"start":{"line":21,"column":19},"end":{"line":21,"column":20}},"loc":{"start":{"line":21,"column":35},"end":{"line":24,"column":7}},"line":21}},"branchMap":{"0":{"loc":{"start":{"line":27,"column":4},"end":{"line":27,"column":45}},"type":"if","locations":[{"start":{"line":27,"column":4},"end":{"line":27,"column":45}},{"start":{"line":27,"column":4},"end":{"line":27,"column":45}}],"line":27}},"s":{"0":1,"1":2,"2":1,"3":2,"4":1,"5":1,"6":1,"7":1,"8":6,"9":0,"10":1,"11":1,"12":1},"f":{"0":1,"1":2,"2":2,"3":1,"4":1,"5":6},"b":{"0":[1,0]},"_coverageSchema":"1a1c01bbd47fc00a2c39e90264f33305004495a9","hash":"2eeb900bb465b71d023ec1f06ef1cc560c644a27"}
,"/Users/manuel/Documents/Alexis/Personal/Proyectos/Weather/ReduxApp.js": {"path":"/Users/manuel/Documents/Alexis/Personal/Proyectos/Weather/ReduxApp.js","statementMap":{"0":{"start":{"line":6,"column":14},"end":{"line":6,"column":30}},"1":{"start":{"line":8,"column":2},"end":{"line":10,"column":13}}},"fnMap":{"0":{"name":"(anonymous_0)","decl":{"start":{"line":7,"column":26},"end":{"line":7,"column":27}},"loc":{"start":{"line":8,"column":2},"end":{"line":10,"column":13}},"line":8}},"branchMap":{},"s":{"0":1,"1":1},"f":{"0":1},"b":{},"_coverageSchema":"1a1c01bbd47fc00a2c39e90264f33305004495a9","hash":"a059aae53dcd01d0b580035486a91e8e8c9d162b"}
,"/Users/manuel/Documents/Alexis/Personal/Proyectos/Weather/app/api/apiBaseUrl.js": {"path":"/Users/manuel/Documents/Alexis/Personal/Proyectos/Weather/app/api/apiBaseUrl.js","statementMap":{"0":{"start":{"line":4,"column":19},"end":{"line":7,"column":2}}},"fnMap":{},"branchMap":{},"s":{"0":3},"f":{},"b":{},"_coverageSchema":"1a1c01bbd47fc00a2c39e90264f33305004495a9","hash":"b776bad09df4eeaaac961cb99dcfb06b795e655a"}
,"/Users/manuel/Documents/Alexis/Personal/Proyectos/Weather/app/api/weatherApiCalls.js": {"path":"/Users/manuel/Documents/Alexis/Personal/Proyectos/Weather/app/api/weatherApiCalls.js","statementMap":{"0":{"start":{"line":4,"column":23},"end":{"line":7,"column":38}},"1":{"start":{"line":5,"column":2},"end":{"line":7,"column":38}},"2":{"start":{"line":7,"column":24},"end":{"line":7,"column":37}}},"fnMap":{"0":{"name":"(anonymous_0)","decl":{"start":{"line":4,"column":23},"end":{"line":4,"column":24}},"loc":{"start":{"line":5,"column":2},"end":{"line":7,"column":38}},"line":5},"1":{"name":"(anonymous_1)","decl":{"start":{"line":7,"column":10},"end":{"line":7,"column":11}},"loc":{"start":{"line":7,"column":24},"end":{"line":7,"column":37}},"line":7}},"branchMap":{},"s":{"0":3,"1":7,"2":1},"f":{"0":7,"1":1},"b":{},"_coverageSchema":"1a1c01bbd47fc00a2c39e90264f33305004495a9","hash":"d3366a866b81f0b7d8cefcf6de3db7905ead7695"}
,"/Users/manuel/Documents/Alexis/Personal/Proyectos/Weather/app/assets/sunshine.jpg": {"path":"/Users/manuel/Documents/Alexis/Personal/Proyectos/Weather/app/assets/sunshine.jpg","statementMap":{"0":{"start":{"line":1,"column":0},"end":{"line":1,"column":19}}},"fnMap":{},"branchMap":{},"s":{"0":2},"f":{},"b":{},"inputSourceMap":null,"_coverageSchema":"1a1c01bbd47fc00a2c39e90264f33305004495a9","hash":"e74286375ce481ade4896f809dd1c1788c7277e3"}
,"/Users/manuel/Documents/Alexis/Personal/Proyectos/Weather/app/components/CityWeatherButton.js": {"path":"/Users/manuel/Documents/Alexis/Personal/Proyectos/Weather/app/components/CityWeatherButton.js","statementMap":{"0":{"start":{"line":7,"column":15},"end":{"line":18,"column":2}},"1":{"start":{"line":21,"column":2},"end":{"line":32,"column":4}},"2":{"start":{"line":35,"column":0},"end":{"line":39,"column":2}},"3":{"start":{"line":41,"column":0},"end":{"line":43,"column":2}}},"fnMap":{"0":{"name":"CityWeatherButton","decl":{"start":{"line":20,"column":24},"end":{"line":20,"column":41}},"loc":{"start":{"line":20,"column":67},"end":{"line":33,"column":1}},"line":20},"1":{"name":"(anonymous_1)","decl":{"start":{"line":42,"column":11},"end":{"line":42,"column":12}},"loc":{"start":{"line":42,"column":17},"end":{"line":42,"column":19}},"line":42}},"branchMap":{},"s":{"0":3,"1":1,"2":3,"3":3},"f":{"0":1,"1":0},"b":{},"_coverageSchema":"1a1c01bbd47fc00a2c39e90264f33305004495a9","hash":"464af73de2ce833bd803050c018504484babf147"}
,"/Users/manuel/Documents/Alexis/Personal/Proyectos/Weather/app/components/DetailsListComponent.js": {"path":"/Users/manuel/Documents/Alexis/Personal/Proyectos/Weather/app/components/DetailsListComponent.js","statementMap":{"0":{"start":{"line":11,"column":15},"end":{"line":23,"column":2}},"1":{"start":{"line":26,"column":2},"end":{"line":103,"column":4}},"2":{"start":{"line":106,"column":0},"end":{"line":123,"column":2}}},"fnMap":{"0":{"name":"DetailsListComponent","decl":{"start":{"line":25,"column":24},"end":{"line":25,"column":44}},"loc":{"start":{"line":25,"column":55},"end":{"line":104,"column":1}},"line":25}},"branchMap":{},"s":{"0":2,"1":1,"2":2},"f":{"0":1},"b":{},"_coverageSchema":"1a1c01bbd47fc00a2c39e90264f33305004495a9","hash":"45657a6f21c2b1004c4703313294eaaae6a75983"}
,"/Users/manuel/Documents/Alexis/Personal/Proyectos/Weather/app/components/MainWeatherComponent.js": {"path":"/Users/manuel/Documents/Alexis/Personal/Proyectos/Weather/app/components/MainWeatherComponent.js","statementMap":{"0":{"start":{"line":7,"column":15},"end":{"line":12,"column":2}},"1":{"start":{"line":21,"column":2},"end":{"line":32,"column":4}},"2":{"start":{"line":35,"column":0},"end":{"line":41,"column":2}}},"fnMap":{"0":{"name":"MainWeatherComponent","decl":{"start":{"line":14,"column":24},"end":{"line":14,"column":44}},"loc":{"start":{"line":20,"column":3},"end":{"line":33,"column":1}},"line":20}},"branchMap":{},"s":{"0":2,"1":0,"2":2},"f":{"0":0},"b":{},"_coverageSchema":"1a1c01bbd47fc00a2c39e90264f33305004495a9","hash":"07253aea34f8d77b4fb8851a54851b1849784059"}
,"/Users/manuel/Documents/Alexis/Personal/Proyectos/Weather/app/components/ModalContainer.js": {"path":"/Users/manuel/Documents/Alexis/Personal/Proyectos/Weather/app/components/ModalContainer.js","statementMap":{"0":{"start":{"line":6,"column":15},"end":{"line":12,"column":2}},"1":{"start":{"line":15,"column":2},"end":{"line":19,"column":4}},"2":{"start":{"line":22,"column":0},"end":{"line":27,"column":2}}},"fnMap":{"0":{"name":"ModalContainer","decl":{"start":{"line":14,"column":24},"end":{"line":14,"column":38}},"loc":{"start":{"line":14,"column":53},"end":{"line":20,"column":1}},"line":14}},"branchMap":{},"s":{"0":2,"1":2,"2":2},"f":{"0":2},"b":{},"_coverageSchema":"1a1c01bbd47fc00a2c39e90264f33305004495a9","hash":"8de6e086720bffadf0b6fcc982ac73eaffdc053a"}
,"/Users/manuel/Documents/Alexis/Personal/Proyectos/Weather/app/components/Screen.js": {"path":"/Users/manuel/Documents/Alexis/Personal/Proyectos/Weather/app/components/Screen.js","statementMap":{"0":{"start":{"line":7,"column":17},"end":{"line":7,"column":50}},"1":{"start":{"line":10,"column":2},"end":{"line":20,"column":4}},"2":{"start":{"line":23,"column":0},"end":{"line":28,"column":2}}},"fnMap":{"0":{"name":"Screen","decl":{"start":{"line":9,"column":24},"end":{"line":9,"column":30}},"loc":{"start":{"line":9,"column":45},"end":{"line":21,"column":1}},"line":9}},"branchMap":{},"s":{"0":2,"1":2,"2":2},"f":{"0":2},"b":{},"_coverageSchema":"1a1c01bbd47fc00a2c39e90264f33305004495a9","hash":"43a24cae004a3840b2e99635993b3529243294d2"}
,"/Users/manuel/Documents/Alexis/Personal/Proyectos/Weather/app/components/basicComponents/CustomTextInput.js": {"path":"/Users/manuel/Documents/Alexis/Personal/Proyectos/Weather/app/components/basicComponents/CustomTextInput.js","statementMap":{"0":{"start":{"line":6,"column":15},"end":{"line":15,"column":2}},"1":{"start":{"line":18,"column":30},"end":{"line":18,"column":42}},"2":{"start":{"line":19,"column":2},"end":{"line":32,"column":4}},"3":{"start":{"line":28,"column":33},"end":{"line":28,"column":56}},"4":{"start":{"line":35,"column":0},"end":{"line":38,"column":2}},"5":{"start":{"line":40,"column":0},"end":{"line":43,"column":2}}},"fnMap":{"0":{"name":"CustomTextInput","decl":{"start":{"line":17,"column":24},"end":{"line":17,"column":39}},"loc":{"start":{"line":17,"column":74},"end":{"line":33,"column":1}},"line":17},"1":{"name":"(anonymous_1)","decl":{"start":{"line":28,"column":27},"end":{"line":28,"column":28}},"loc":{"start":{"line":28,"column":33},"end":{"line":28,"column":56}},"line":28},"2":{"name":"(anonymous_2)","decl":{"start":{"line":41,"column":19},"end":{"line":41,"column":20}},"loc":{"start":{"line":41,"column":25},"end":{"line":41,"column":27}},"line":41}},"branchMap":{},"s":{"0":2,"1":2,"2":2,"3":0,"4":2,"5":2},"f":{"0":2,"1":0,"2":0},"b":{},"_coverageSchema":"1a1c01bbd47fc00a2c39e90264f33305004495a9","hash":"b52e8cf19448ad600f4bc93f05e9b154c9669aa1"}
,"/Users/manuel/Documents/Alexis/Personal/Proyectos/Weather/app/components/basicComponents/TextButton.js": {"path":"/Users/manuel/Documents/Alexis/Personal/Proyectos/Weather/app/components/basicComponents/TextButton.js","statementMap":{"0":{"start":{"line":6,"column":15},"end":{"line":11,"column":2}},"1":{"start":{"line":14,"column":2},"end":{"line":20,"column":4}},"2":{"start":{"line":23,"column":0},"end":{"line":26,"column":2}},"3":{"start":{"line":28,"column":0},"end":{"line":30,"column":2}}},"fnMap":{"0":{"name":"TextButton","decl":{"start":{"line":13,"column":24},"end":{"line":13,"column":34}},"loc":{"start":{"line":13,"column":55},"end":{"line":21,"column":1}},"line":13},"1":{"name":"(anonymous_1)","decl":{"start":{"line":29,"column":11},"end":{"line":29,"column":12}},"loc":{"start":{"line":29,"column":17},"end":{"line":29,"column":19}},"line":29}},"branchMap":{},"s":{"0":2,"1":0,"2":2,"3":2},"f":{"0":0,"1":0},"b":{},"_coverageSchema":"1a1c01bbd47fc00a2c39e90264f33305004495a9","hash":"aba87c09a7393826b8478adde33f443c07fb731f"}
,"/Users/manuel/Documents/Alexis/Personal/Proyectos/Weather/app/components/headerComponents/HeaderBar.js": {"path":"/Users/manuel/Documents/Alexis/Personal/Proyectos/Weather/app/components/headerComponents/HeaderBar.js","statementMap":{"0":{"start":{"line":5,"column":15},"end":{"line":13,"column":2}},"1":{"start":{"line":16,"column":2},"end":{"line":16,"column":58}},"2":{"start":{"line":19,"column":0},"end":{"line":24,"column":2}}},"fnMap":{"0":{"name":"HeaderBar","decl":{"start":{"line":15,"column":24},"end":{"line":15,"column":33}},"loc":{"start":{"line":15,"column":48},"end":{"line":17,"column":1}},"line":15}},"branchMap":{},"s":{"0":2,"1":4,"2":2},"f":{"0":4},"b":{},"_coverageSchema":"1a1c01bbd47fc00a2c39e90264f33305004495a9","hash":"172e8e0be790ff63fc8204481c5d55b5a0c7e114"}
,"/Users/manuel/Documents/Alexis/Personal/Proyectos/Weather/app/components/headerComponents/HeaderButton.js": {"path":"/Users/manuel/Documents/Alexis/Personal/Proyectos/Weather/app/components/headerComponents/HeaderButton.js","statementMap":{"0":{"start":{"line":7,"column":15},"end":{"line":15,"column":2}},"1":{"start":{"line":18,"column":2},"end":{"line":24,"column":4}},"2":{"start":{"line":27,"column":0},"end":{"line":30,"column":2}},"3":{"start":{"line":32,"column":0},"end":{"line":34,"column":2}}},"fnMap":{"0":{"name":"HeaderButton","decl":{"start":{"line":17,"column":24},"end":{"line":17,"column":36}},"loc":{"start":{"line":17,"column":56},"end":{"line":25,"column":1}},"line":17},"1":{"name":"(anonymous_1)","decl":{"start":{"line":33,"column":11},"end":{"line":33,"column":12}},"loc":{"start":{"line":33,"column":17},"end":{"line":33,"column":19}},"line":33}},"branchMap":{},"s":{"0":2,"1":4,"2":2,"3":2},"f":{"0":4,"1":0},"b":{},"_coverageSchema":"1a1c01bbd47fc00a2c39e90264f33305004495a9","hash":"29fcf2e0afb01241d9846d5cfdcbd6c42ea7924b"}
,"/Users/manuel/Documents/Alexis/Personal/Proyectos/Weather/app/config/ENV.js": {"path":"/Users/manuel/Documents/Alexis/Personal/Proyectos/Weather/app/config/ENV.js","statementMap":{},"fnMap":{},"branchMap":{},"s":{},"f":{},"b":{},"_coverageSchema":"1a1c01bbd47fc00a2c39e90264f33305004495a9","hash":"b2a48e6dd2e85a4ba7dd2ab99c85fdac2a73830e"}
,"/Users/manuel/Documents/Alexis/Personal/Proyectos/Weather/app/config/colors.js": {"path":"/Users/manuel/Documents/Alexis/Personal/Proyectos/Weather/app/config/colors.js","statementMap":{},"fnMap":{},"branchMap":{},"s":{},"f":{},"b":{},"_coverageSchema":"1a1c01bbd47fc00a2c39e90264f33305004495a9","hash":"97c9a4d8a2d39dbed2900828916b4032c85a00e5"}
,"/Users/manuel/Documents/Alexis/Personal/Proyectos/Weather/app/config/constants.js": {"path":"/Users/manuel/Documents/Alexis/Personal/Proyectos/Weather/app/config/constants.js","statementMap":{"0":{"start":{"line":2,"column":16},"end":{"line":2,"column":49}},"1":{"start":{"line":3,"column":16},"end":{"line":3,"column":35}},"2":{"start":{"line":4,"column":18},"end":{"line":11,"column":1}}},"fnMap":{},"branchMap":{},"s":{"0":5,"1":5,"2":5},"f":{},"b":{},"_coverageSchema":"1a1c01bbd47fc00a2c39e90264f33305004495a9","hash":"c566e065c60a2e7f1466c30b900f80547eb38cf8"}
,"/Users/manuel/Documents/Alexis/Personal/Proyectos/Weather/app/config/helpers.js": {"path":"/Users/manuel/Documents/Alexis/Personal/Proyectos/Weather/app/config/helpers.js","statementMap":{"0":{"start":{"line":1,"column":31},"end":{"line":1,"column":70}},"1":{"start":{"line":1,"column":43},"end":{"line":1,"column":70}},"2":{"start":{"line":2,"column":34},"end":{"line":2,"column":59}},"3":{"start":{"line":2,"column":46},"end":{"line":2,"column":59}},"4":{"start":{"line":3,"column":32},"end":{"line":9,"column":1}},"5":{"start":{"line":4,"column":15},"end":{"line":4,"column":41}},"6":{"start":{"line":5,"column":15},"end":{"line":5,"column":30}},"7":{"start":{"line":7,"column":4},"end":{"line":7,"column":72}},"8":{"start":{"line":8,"column":2},"end":{"line":8,"column":30}},"9":{"start":{"line":10,"column":26},"end":{"line":11,"column":50}},"10":{"start":{"line":11,"column":2},"end":{"line":11,"column":50}}},"fnMap":{"0":{"name":"(anonymous_0)","decl":{"start":{"line":1,"column":31},"end":{"line":1,"column":32}},"loc":{"start":{"line":1,"column":43},"end":{"line":1,"column":70}},"line":1},"1":{"name":"(anonymous_1)","decl":{"start":{"line":2,"column":34},"end":{"line":2,"column":35}},"loc":{"start":{"line":2,"column":46},"end":{"line":2,"column":59}},"line":2},"2":{"name":"(anonymous_2)","decl":{"start":{"line":3,"column":32},"end":{"line":3,"column":33}},"loc":{"start":{"line":3,"column":47},"end":{"line":9,"column":1}},"line":3},"3":{"name":"(anonymous_3)","decl":{"start":{"line":10,"column":26},"end":{"line":10,"column":27}},"loc":{"start":{"line":11,"column":2},"end":{"line":11,"column":50}},"line":11}},"branchMap":{"0":{"loc":{"start":{"line":7,"column":4},"end":{"line":7,"column":72}},"type":"cond-expr","locations":[{"start":{"line":7,"column":29},"end":{"line":7,"column":52}},{"start":{"line":7,"column":55},"end":{"line":7,"column":72}}],"line":7}},"s":{"0":4,"1":3,"2":4,"3":1,"4":4,"5":3,"6":3,"7":3,"8":3,"9":4,"10":1},"f":{"0":3,"1":1,"2":3,"3":1},"b":{"0":[0,3]},"_coverageSchema":"1a1c01bbd47fc00a2c39e90264f33305004495a9","hash":"90bfa5230c1c6b13a093759f5c6393532913f769"}
,"/Users/manuel/Documents/Alexis/Personal/Proyectos/Weather/app/navigation/MainNavigator.js": {"path":"/Users/manuel/Documents/Alexis/Personal/Proyectos/Weather/app/navigation/MainNavigator.js","statementMap":{"0":{"start":{"line":11,"column":14},"end":{"line":11,"column":36}},"1":{"start":{"line":15,"column":19},"end":{"line":15,"column":32}},"2":{"start":{"line":18,"column":32},"end":{"line":37,"column":3}},"3":{"start":{"line":19,"column":4},"end":{"line":36,"column":6}},"4":{"start":{"line":30,"column":12},"end":{"line":30,"column":42}},"5":{"start":{"line":31,"column":12},"end":{"line":31,"column":39}},"6":{"start":{"line":38,"column":2},"end":{"line":66,"column":4}},"7":{"start":{"line":50,"column":45},"end":{"line":63,"column":9}},"8":{"start":{"line":56,"column":12},"end":{"line":61,"column":14}},"9":{"start":{"line":59,"column":16},"end":{"line":59,"column":69}}},"fnMap":{"0":{"name":"MainNavigator","decl":{"start":{"line":13,"column":24},"end":{"line":13,"column":37}},"loc":{"start":{"line":13,"column":40},"end":{"line":67,"column":1}},"line":13},"1":{"name":"(anonymous_1)","decl":{"start":{"line":18,"column":32},"end":{"line":18,"column":33}},"loc":{"start":{"line":18,"column":54},"end":{"line":37,"column":3}},"line":18},"2":{"name":"(anonymous_2)","decl":{"start":{"line":29,"column":19},"end":{"line":29,"column":20}},"loc":{"start":{"line":29,"column":25},"end":{"line":32,"column":11}},"line":29},"3":{"name":"(anonymous_3)","decl":{"start":{"line":50,"column":17},"end":{"line":50,"column":18}},"loc":{"start":{"line":50,"column":45},"end":{"line":63,"column":9}},"line":50},"4":{"name":"(anonymous_4)","decl":{"start":{"line":55,"column":23},"end":{"line":55,"column":24}},"loc":{"start":{"line":56,"column":12},"end":{"line":61,"column":14}},"line":56},"5":{"name":"(anonymous_5)","decl":{"start":{"line":58,"column":23},"end":{"line":58,"column":24}},"loc":{"start":{"line":58,"column":29},"end":{"line":60,"column":15}},"line":58}},"branchMap":{},"s":{"0":1,"1":1,"2":1,"3":0,"4":0,"5":0,"6":1,"7":0,"8":0,"9":0},"f":{"0":1,"1":0,"2":0,"3":0,"4":0,"5":0},"b":{},"_coverageSchema":"1a1c01bbd47fc00a2c39e90264f33305004495a9","hash":"4521b626605d187f2225bc1016e7a26692ef1bfe"}
,"/Users/manuel/Documents/Alexis/Personal/Proyectos/Weather/app/redux/store.js": {"path":"/Users/manuel/Documents/Alexis/Personal/Proyectos/Weather/app/redux/store.js","statementMap":{"0":{"start":{"line":4,"column":20},"end":{"line":6,"column":2}},"1":{"start":{"line":8,"column":23},"end":{"line":8,"column":53}},"2":{"start":{"line":8,"column":29},"end":{"line":8,"column":53}}},"fnMap":{"0":{"name":"(anonymous_0)","decl":{"start":{"line":8,"column":23},"end":{"line":8,"column":24}},"loc":{"start":{"line":8,"column":29},"end":{"line":8,"column":53}},"line":8}},"branchMap":{},"s":{"0":2,"1":2,"2":2},"f":{"0":2},"b":{},"_coverageSchema":"1a1c01bbd47fc00a2c39e90264f33305004495a9","hash":"be18ce5fe9fe54625658e56eb67f18e8fee7abcf"}
,"/Users/manuel/Documents/Alexis/Personal/Proyectos/Weather/app/redux/actions/types.js": {"path":"/Users/manuel/Documents/Alexis/Personal/Proyectos/Weather/app/redux/actions/types.js","statementMap":{"0":{"start":{"line":1,"column":35},"end":{"line":1,"column":56}},"1":{"start":{"line":2,"column":40},"end":{"line":2,"column":66}}},"fnMap":{},"branchMap":{},"s":{"0":3,"1":3},"f":{},"b":{},"_coverageSchema":"1a1c01bbd47fc00a2c39e90264f33305004495a9","hash":"993b4efaf05d9f7287b56e3f1224c04e6ee22110"}
,"/Users/manuel/Documents/Alexis/Personal/Proyectos/Weather/app/redux/actions/weather.js": {"path":"/Users/manuel/Documents/Alexis/Personal/Proyectos/Weather/app/redux/actions/weather.js","statementMap":{"0":{"start":{"line":3,"column":26},"end":{"line":6,"column":2}},"1":{"start":{"line":3,"column":37},"end":{"line":6,"column":1}},"2":{"start":{"line":8,"column":29},"end":{"line":11,"column":2}},"3":{"start":{"line":8,"column":40},"end":{"line":11,"column":1}}},"fnMap":{"0":{"name":"(anonymous_0)","decl":{"start":{"line":3,"column":26},"end":{"line":3,"column":27}},"loc":{"start":{"line":3,"column":37},"end":{"line":6,"column":1}},"line":3},"1":{"name":"(anonymous_1)","decl":{"start":{"line":8,"column":29},"end":{"line":8,"column":30}},"loc":{"start":{"line":8,"column":40},"end":{"line":11,"column":1}},"line":8}},"branchMap":{},"s":{"0":3,"1":1,"2":3,"3":0},"f":{"0":1,"1":0},"b":{},"_coverageSchema":"1a1c01bbd47fc00a2c39e90264f33305004495a9","hash":"3aee0619943da52065dc0cdc459a17f1f2147a43"}
,"/Users/manuel/Documents/Alexis/Personal/Proyectos/Weather/app/redux/reducers/wetaherReducer.js": {"path":"/Users/manuel/Documents/Alexis/Personal/Proyectos/Weather/app/redux/reducers/wetaherReducer.js","statementMap":{"0":{"start":{"line":7,"column":21},"end":{"line":11,"column":1}},"1":{"start":{"line":13,"column":23},"end":{"line":33,"column":1}},"2":{"start":{"line":14,"column":2},"end":{"line":32,"column":3}},"3":{"start":{"line":16,"column":6},"end":{"line":20,"column":8}},"4":{"start":{"line":23,"column":6},"end":{"line":28,"column":8}},"5":{"start":{"line":26,"column":10},"end":{"line":26,"column":43}},"6":{"start":{"line":31,"column":6},"end":{"line":31,"column":19}}},"fnMap":{"0":{"name":"(anonymous_0)","decl":{"start":{"line":13,"column":23},"end":{"line":13,"column":24}},"loc":{"start":{"line":13,"column":57},"end":{"line":33,"column":1}},"line":13},"1":{"name":"(anonymous_1)","decl":{"start":{"line":25,"column":46},"end":{"line":25,"column":47}},"loc":{"start":{"line":25,"column":56},"end":{"line":27,"column":9}},"line":25}},"branchMap":{"0":{"loc":{"start":{"line":13,"column":24},"end":{"line":13,"column":44}},"type":"default-arg","locations":[{"start":{"line":13,"column":32},"end":{"line":13,"column":44}}],"line":13},"1":{"loc":{"start":{"line":14,"column":2},"end":{"line":32,"column":3}},"type":"switch","locations":[{"start":{"line":15,"column":4},"end":{"line":20,"column":8}},{"start":{"line":22,"column":4},"end":{"line":28,"column":8}},{"start":{"line":30,"column":4},"end":{"line":31,"column":19}}],"line":14}},"s":{"0":3,"1":3,"2":7,"3":1,"4":0,"5":0,"6":6},"f":{"0":7,"1":0},"b":{"0":[6],"1":[1,0,6]},"_coverageSchema":"1a1c01bbd47fc00a2c39e90264f33305004495a9","hash":"d2e4295ba93cd283d25b0fa0064364d5ab09d007"}
,"/Users/manuel/Documents/Alexis/Personal/Proyectos/Weather/app/screens/DetailsScreen.js": {"path":"/Users/manuel/Documents/Alexis/Personal/Proyectos/Weather/app/screens/DetailsScreen.js","statementMap":{"0":{"start":{"line":11,"column":19},"end":{"line":11,"column":36}},"1":{"start":{"line":12,"column":22},"end":{"line":12,"column":71}},"2":{"start":{"line":12,"column":45},"end":{"line":12,"column":70}},"3":{"start":{"line":13,"column":25},"end":{"line":16,"column":7}},"4":{"start":{"line":14,"column":4},"end":{"line":14,"column":44}},"5":{"start":{"line":14,"column":32},"end":{"line":14,"column":44}},"6":{"start":{"line":15,"column":4},"end":{"line":15,"column":16}},"7":{"start":{"line":18,"column":2},"end":{"line":35,"column":4}},"8":{"start":{"line":38,"column":0},"end":{"line":42,"column":2}}},"fnMap":{"0":{"name":"DetailsScreen","decl":{"start":{"line":9,"column":24},"end":{"line":9,"column":37}},"loc":{"start":{"line":9,"column":49},"end":{"line":36,"column":1}},"line":9},"1":{"name":"(anonymous_1)","decl":{"start":{"line":12,"column":34},"end":{"line":12,"column":35}},"loc":{"start":{"line":12,"column":45},"end":{"line":12,"column":70}},"line":12},"2":{"name":"(anonymous_2)","decl":{"start":{"line":13,"column":44},"end":{"line":13,"column":45}},"loc":{"start":{"line":13,"column":54},"end":{"line":16,"column":3}},"line":13}},"branchMap":{"0":{"loc":{"start":{"line":14,"column":4},"end":{"line":14,"column":44}},"type":"if","locations":[{"start":{"line":14,"column":4},"end":{"line":14,"column":44}},{"start":{"line":14,"column":4},"end":{"line":14,"column":44}}],"line":14},"1":{"loc":{"start":{"line":21,"column":9},"end":{"line":32,"column":9}},"type":"binary-expr","locations":[{"start":{"line":21,"column":9},"end":{"line":21,"column":23}},{"start":{"line":22,"column":10},"end":{"line":31,"column":13}}],"line":21}},"s":{"0":0,"1":0,"2":0,"3":0,"4":0,"5":0,"6":0,"7":0,"8":1},"f":{"0":0,"1":0,"2":0},"b":{"0":[0,0],"1":[0,0]},"_coverageSchema":"1a1c01bbd47fc00a2c39e90264f33305004495a9","hash":"21db3e85afc28e6534a9e5e36b4f0320cd145613"}
,"/Users/manuel/Documents/Alexis/Personal/Proyectos/Weather/app/screens/WelcomeScreen.js": {"path":"/Users/manuel/Documents/Alexis/Personal/Proyectos/Weather/app/screens/WelcomeScreen.js","statementMap":{"0":{"start":{"line":19,"column":42},"end":{"line":19,"column":57}},"1":{"start":{"line":20,"column":40},"end":{"line":20,"column":54}},"2":{"start":{"line":21,"column":36},"end":{"line":21,"column":51}},"3":{"start":{"line":24,"column":22},"end":{"line":24,"column":71}},"4":{"start":{"line":24,"column":45},"end":{"line":24,"column":70}},"5":{"start":{"line":25,"column":19},"end":{"line":25,"column":32}},"6":{"start":{"line":28,"column":28},"end":{"line":44,"column":3}},"7":{"start":{"line":29,"column":4},"end":{"line":43,"column":5}},"8":{"start":{"line":30,"column":21},"end":{"line":30,"column":63}},"9":{"start":{"line":31,"column":6},"end":{"line":34,"column":7}},"10":{"start":{"line":32,"column":8},"end":{"line":32,"column":28}},"11":{"start":{"line":33,"column":8},"end":{"line":33,"column":31}},"12":{"start":{"line":35,"column":6},"end":{"line":38,"column":7}},"13":{"start":{"line":36,"column":8},"end":{"line":36,"column":29}},"14":{"start":{"line":37,"column":8},"end":{"line":37,"column":27}},"15":{"start":{"line":39,"column":6},"end":{"line":39,"column":18}},"16":{"start":{"line":41,"column":6},"end":{"line":41,"column":62}},"17":{"start":{"line":42,"column":6},"end":{"line":42,"column":18}},"18":{"start":{"line":46,"column":27},"end":{"line":51,"column":3}},"19":{"start":{"line":47,"column":4},"end":{"line":47,"column":31}},"20":{"start":{"line":48,"column":4},"end":{"line":48,"column":25}},"21":{"start":{"line":49,"column":4},"end":{"line":49,"column":27}},"22":{"start":{"line":50,"column":4},"end":{"line":50,"column":16}},"23":{"start":{"line":53,"column":2},"end":{"line":120,"column":4}},"24":{"start":{"line":57,"column":54},"end":{"line":57,"column":75}},"25":{"start":{"line":68,"column":43},"end":{"line":68,"column":59}},"26":{"start":{"line":70,"column":14},"end":{"line":74,"column":16}},"27":{"start":{"line":73,"column":31},"end":{"line":73,"column":82}},"28":{"start":{"line":83,"column":43},"end":{"line":83,"column":68}},"29":{"start":{"line":88,"column":16},"end":{"line":88,"column":37}},"30":{"start":{"line":89,"column":16},"end":{"line":89,"column":36}},"31":{"start":{"line":90,"column":16},"end":{"line":90,"column":39}},"32":{"start":{"line":91,"column":16},"end":{"line":91,"column":28}},"33":{"start":{"line":100,"column":33},"end":{"line":100,"column":62}},"34":{"start":{"line":123,"column":0},"end":{"line":127,"column":2}}},"fnMap":{"0":{"name":"WelcomeScreen","decl":{"start":{"line":17,"column":24},"end":{"line":17,"column":37}},"loc":{"start":{"line":17,"column":54},"end":{"line":121,"column":1}},"line":17},"1":{"name":"(anonymous_1)","decl":{"start":{"line":24,"column":34},"end":{"line":24,"column":35}},"loc":{"start":{"line":24,"column":45},"end":{"line":24,"column":70}},"line":24},"2":{"name":"(anonymous_2)","decl":{"start":{"line":28,"column":28},"end":{"line":28,"column":29}},"loc":{"start":{"line":28,"column":44},"end":{"line":44,"column":3}},"line":28},"3":{"name":"(anonymous_3)","decl":{"start":{"line":46,"column":27},"end":{"line":46,"column":28}},"loc":{"start":{"line":46,"column":37},"end":{"line":51,"column":3}},"line":46},"4":{"name":"(anonymous_4)","decl":{"start":{"line":57,"column":48},"end":{"line":57,"column":49}},"loc":{"start":{"line":57,"column":54},"end":{"line":57,"column":75}},"line":57},"5":{"name":"(anonymous_5)","decl":{"start":{"line":68,"column":26},"end":{"line":68,"column":27}},"loc":{"start":{"line":68,"column":43},"end":{"line":68,"column":59}},"line":68},"6":{"name":"(anonymous_6)","decl":{"start":{"line":69,"column":24},"end":{"line":69,"column":25}},"loc":{"start":{"line":70,"column":14},"end":{"line":74,"column":16}},"line":70},"7":{"name":"(anonymous_7)","decl":{"start":{"line":73,"column":25},"end":{"line":73,"column":26}},"loc":{"start":{"line":73,"column":31},"end":{"line":73,"column":82}},"line":73},"8":{"name":"(anonymous_8)","decl":{"start":{"line":83,"column":31},"end":{"line":83,"column":32}},"loc":{"start":{"line":83,"column":43},"end":{"line":83,"column":68}},"line":83},"9":{"name":"(anonymous_9)","decl":{"start":{"line":87,"column":23},"end":{"line":87,"column":24}},"loc":{"start":{"line":87,"column":29},"end":{"line":92,"column":15}},"line":87},"10":{"name":"(anonymous_10)","decl":{"start":{"line":100,"column":27},"end":{"line":100,"column":28}},"loc":{"start":{"line":100,"column":33},"end":{"line":100,"column":62}},"line":100}},"branchMap":{"0":{"loc":{"start":{"line":31,"column":6},"end":{"line":34,"column":7}},"type":"if","locations":[{"start":{"line":31,"column":6},"end":{"line":34,"column":7}},{"start":{"line":31,"column":6},"end":{"line":34,"column":7}}],"line":31},"1":{"loc":{"start":{"line":35,"column":6},"end":{"line":38,"column":7}},"type":"if","locations":[{"start":{"line":35,"column":6},"end":{"line":38,"column":7}},{"start":{"line":35,"column":6},"end":{"line":38,"column":7}}],"line":35},"2":{"loc":{"start":{"line":95,"column":11},"end":{"line":111,"column":11}},"type":"binary-expr","locations":[{"start":{"line":95,"column":11},"end":{"line":95,"column":22}},{"start":{"line":96,"column":12},"end":{"line":110,"column":15}}],"line":95},"3":{"loc":{"start":{"line":112,"column":11},"end":{"line":116,"column":11}},"type":"binary-expr","locations":[{"start":{"line":112,"column":11},"end":{"line":112,"column":20}},{"start":{"line":113,"column":12},"end":{"line":115,"column":19}}],"line":112}},"s":{"0":2,"1":2,"2":2,"3":2,"4":4,"5":2,"6":2,"7":0,"8":0,"9":0,"10":0,"11":0,"12":0,"13":0,"14":0,"15":0,"16":0,"17":0,"18":2,"19":0,"20":0,"21":0,"22":0,"23":2,"24":0,"25":0,"26":0,"27":0,"28":0,"29":0,"30":0,"31":0,"32":0,"33":0,"34":2},"f":{"0":2,"1":4,"2":0,"3":0,"4":0,"5":0,"6":0,"7":0,"8":0,"9":0,"10":0},"b":{"0":[0,0],"1":[0,0],"2":[2,0],"3":[2,0]},"_coverageSchema":"1a1c01bbd47fc00a2c39e90264f33305004495a9","hash":"ab24644cd32cbe2a765828863295c7ea2e27712b"}
}
