TN:
SF:App.js
FN:11,App
FN:13,(anonymous_1)
FN:15,(anonymous_2)
FN:19,(anonymous_3)
FN:20,(anonymous_4)
FN:21,(anonymous_5)
FNF:6
FNH:6
FNDA:1,App
FNDA:2,(anonymous_1)
FNDA:2,(anonymous_2)
FNDA:1,(anonymous_3)
FNDA:1,(anonymous_4)
FNDA:6,(anonymous_5)
DA:13,2
DA:14,1
DA:15,2
DA:17,1
DA:19,1
DA:20,1
DA:21,1
DA:22,6
DA:23,0
DA:27,1
DA:29,1
LF:11
LH:10
BRDA:27,0,0,1
BRDA:27,0,1,0
BRF:2
BRH:1
end_of_record
TN:
SF:ReduxApp.js
FN:7,(anonymous_0)
FNF:1
FNH:1
FNDA:1,(anonymous_0)
DA:6,1
DA:8,1
LF:2
LH:2
BRF:0
BRH:0
end_of_record
TN:
SF:app/api/apiBaseUrl.js
FNF:0
FNH:0
DA:4,3
LF:1
LH:1
BRF:0
BRH:0
end_of_record
TN:
SF:app/api/weatherApiCalls.js
FN:4,(anonymous_0)
FN:7,(anonymous_1)
FNF:2
FNH:2
FNDA:7,(anonymous_0)
FNDA:1,(anonymous_1)
DA:4,3
DA:5,7
DA:7,1
LF:3
LH:3
BRF:0
BRH:0
end_of_record
TN:
SF:app/assets/sunshine.jpg
FNF:0
FNH:0
DA:1,2
LF:1
LH:1
BRF:0
BRH:0
end_of_record
TN:
SF:app/components/CityWeatherButton.js
FN:20,CityWeatherButton
FN:42,(anonymous_1)
FNF:2
FNH:1
FNDA:1,CityWeatherButton
FNDA:0,(anonymous_1)
DA:7,3
DA:21,1
DA:35,3
DA:41,3
LF:4
LH:4
BRF:0
BRH:0
end_of_record
TN:
SF:app/components/DetailsListComponent.js
FN:25,DetailsListComponent
FNF:1
FNH:1
FNDA:1,DetailsListComponent
DA:11,2
DA:26,1
DA:106,2
LF:3
LH:3
BRF:0
BRH:0
end_of_record
TN:
SF:app/components/MainWeatherComponent.js
FN:14,MainWeatherComponent
FNF:1
FNH:0
FNDA:0,MainWeatherComponent
DA:7,2
DA:21,0
DA:35,2
LF:3
LH:2
BRF:0
BRH:0
end_of_record
TN:
SF:app/components/ModalContainer.js
FN:14,ModalContainer
FNF:1
FNH:1
FNDA:2,ModalContainer
DA:6,2
DA:15,2
DA:22,2
LF:3
LH:3
BRF:0
BRH:0
end_of_record
TN:
SF:app/components/Screen.js
FN:9,Screen
FNF:1
FNH:1
FNDA:2,Screen
DA:7,2
DA:10,2
DA:23,2
LF:3
LH:3
BRF:0
BRH:0
end_of_record
TN:
SF:app/components/basicComponents/CustomTextInput.js
FN:17,CustomTextInput
FN:28,(anonymous_1)
FN:41,(anonymous_2)
FNF:3
FNH:1
FNDA:2,CustomTextInput
FNDA:0,(anonymous_1)
FNDA:0,(anonymous_2)
DA:6,2
DA:18,2
DA:19,2
DA:28,0
DA:35,2
DA:40,2
LF:6
LH:5
BRF:0
BRH:0
end_of_record
TN:
SF:app/components/basicComponents/TextButton.js
FN:13,TextButton
FN:29,(anonymous_1)
FNF:2
FNH:0
FNDA:0,TextButton
FNDA:0,(anonymous_1)
DA:6,2
DA:14,0
DA:23,2
DA:28,2
LF:4
LH:3
BRF:0
BRH:0
end_of_record
TN:
SF:app/components/headerComponents/HeaderBar.js
FN:15,HeaderBar
FNF:1
FNH:1
FNDA:4,HeaderBar
DA:5,2
DA:16,4
DA:19,2
LF:3
LH:3
BRF:0
BRH:0
end_of_record
TN:
SF:app/components/headerComponents/HeaderButton.js
FN:17,HeaderButton
FN:33,(anonymous_1)
FNF:2
FNH:1
FNDA:4,HeaderButton
FNDA:0,(anonymous_1)
DA:7,2
DA:18,4
DA:27,2
DA:32,2
LF:4
LH:4
BRF:0
BRH:0
end_of_record
TN:
SF:app/config/ENV.js
FNF:0
FNH:0
LF:0
LH:0
BRF:0
BRH:0
end_of_record
TN:
SF:app/config/colors.js
FNF:0
FNH:0
LF:0
LH:0
BRF:0
BRH:0
end_of_record
TN:
SF:app/config/constants.js
FNF:0
FNH:0
DA:2,5
DA:3,5
DA:4,5
LF:3
LH:3
BRF:0
BRH:0
end_of_record
TN:
SF:app/config/helpers.js
FN:1,(anonymous_0)
FN:2,(anonymous_1)
FN:3,(anonymous_2)
FN:10,(anonymous_3)
FNF:4
FNH:4
FNDA:3,(anonymous_0)
FNDA:1,(anonymous_1)
FNDA:3,(anonymous_2)
FNDA:1,(anonymous_3)
DA:1,4
DA:2,4
DA:3,4
DA:4,3
DA:5,3
DA:7,3
DA:8,3
DA:10,4
DA:11,1
LF:9
LH:9
BRDA:7,0,0,0
BRDA:7,0,1,3
BRF:2
BRH:1
end_of_record
TN:
SF:app/navigation/MainNavigator.js
FN:13,MainNavigator
FN:18,(anonymous_1)
FN:29,(anonymous_2)
FN:50,(anonymous_3)
FN:55,(anonymous_4)
FN:58,(anonymous_5)
FNF:6
FNH:1
FNDA:1,MainNavigator
FNDA:0,(anonymous_1)
FNDA:0,(anonymous_2)
FNDA:0,(anonymous_3)
FNDA:0,(anonymous_4)
FNDA:0,(anonymous_5)
DA:11,1
DA:15,1
DA:18,1
DA:19,0
DA:30,0
DA:31,0
DA:38,1
DA:50,0
DA:56,0
DA:59,0
LF:10
LH:4
BRF:0
BRH:0
end_of_record
TN:
SF:app/redux/store.js
FN:8,(anonymous_0)
FNF:1
FNH:1
FNDA:2,(anonymous_0)
DA:4,2
DA:8,2
LF:2
LH:2
BRF:0
BRH:0
end_of_record
TN:
SF:app/redux/actions/types.js
FNF:0
FNH:0
DA:1,3
DA:2,3
LF:2
LH:2
BRF:0
BRH:0
end_of_record
TN:
SF:app/redux/actions/weather.js
FN:3,(anonymous_0)
FN:8,(anonymous_1)
FNF:2
FNH:1
FNDA:1,(anonymous_0)
FNDA:0,(anonymous_1)
DA:3,3
DA:8,3
LF:2
LH:2
BRF:0
BRH:0
end_of_record
TN:
SF:app/redux/reducers/wetaherReducer.js
FN:13,(anonymous_0)
FN:25,(anonymous_1)
FNF:2
FNH:1
FNDA:7,(anonymous_0)
FNDA:0,(anonymous_1)
DA:7,3
DA:13,3
DA:14,7
DA:16,1
DA:23,0
DA:26,0
DA:31,6
LF:7
LH:5
BRDA:13,0,0,6
BRDA:14,1,0,1
BRDA:14,1,1,0
BRDA:14,1,2,6
BRF:4
BRH:3
end_of_record
TN:
SF:app/screens/DetailsScreen.js
FN:9,DetailsScreen
FN:12,(anonymous_1)
FN:13,(anonymous_2)
FNF:3
FNH:0
FNDA:0,DetailsScreen
FNDA:0,(anonymous_1)
FNDA:0,(anonymous_2)
DA:11,0
DA:12,0
DA:13,0
DA:14,0
DA:15,0
DA:18,0
DA:38,1
LF:7
LH:1
BRDA:14,0,0,0
BRDA:14,0,1,0
BRDA:21,1,0,0
BRDA:21,1,1,0
BRF:4
BRH:0
end_of_record
TN:
SF:app/screens/WelcomeScreen.js
FN:17,WelcomeScreen
FN:24,(anonymous_1)
FN:28,(anonymous_2)
FN:46,(anonymous_3)
FN:57,(anonymous_4)
FN:68,(anonymous_5)
FN:69,(anonymous_6)
FN:73,(anonymous_7)
FN:83,(anonymous_8)
FN:87,(anonymous_9)
FN:100,(anonymous_10)
FNF:11
FNH:2
FNDA:2,WelcomeScreen
FNDA:4,(anonymous_1)
FNDA:0,(anonymous_2)
FNDA:0,(anonymous_3)
FNDA:0,(anonymous_4)
FNDA:0,(anonymous_5)
FNDA:0,(anonymous_6)
FNDA:0,(anonymous_7)
FNDA:0,(anonymous_8)
FNDA:0,(anonymous_9)
FNDA:0,(anonymous_10)
DA:19,2
DA:20,2
DA:21,2
DA:24,4
DA:25,2
DA:28,2
DA:29,0
DA:30,0
DA:31,0
DA:32,0
DA:33,0
DA:35,0
DA:36,0
DA:37,0
DA:39,0
DA:41,0
DA:42,0
DA:46,2
DA:47,0
DA:48,0
DA:49,0
DA:50,0
DA:53,2
DA:57,0
DA:68,0
DA:70,0
DA:73,0
DA:83,0
DA:88,0
DA:89,0
DA:90,0
DA:91,0
DA:100,0
DA:123,2
LF:34
LH:9
BRDA:31,0,0,0
BRDA:31,0,1,0
BRDA:35,1,0,0
BRDA:35,1,1,0
BRDA:95,2,0,2
BRDA:95,2,1,0
BRDA:112,3,0,2
BRDA:112,3,1,0
BRF:8
BRH:2
end_of_record
