TN:
SF:App.js
FN:12,App
FN:18,(anonymous_1)
FN:19,(anonymous_2)
FN:25,(anonymous_3)
FNF:4
FNH:4
FNDA:1,App
FNDA:1,(anonymous_1)
FNDA:4,(anonymous_2)
FNDA:1,(anonymous_3)
DA:14,1
DA:15,1
DA:18,1
DA:19,1
DA:20,4
DA:21,0
DA:25,1
DA:26,1
DA:28,1
LF:9
LH:8
BRF:0
BRH:0
end_of_record
TN:
SF:ReduxApp.js
FN:7,(anonymous_0)
FNF:1
FNH:1
FNDA:1,(anonymous_0)
DA:6,1
DA:8,1
LF:2
LH:2
BRF:0
BRH:0
end_of_record
TN:
SF:app/api/apiBaseUrl.js
FNF:0
FNH:0
DA:4,2
LF:1
LH:1
BRF:0
BRH:0
end_of_record
TN:
SF:app/api/weatherApiCalls.js
FN:3,(anonymous_0)
FN:8,(anonymous_1)
FNF:2
FNH:2
FNDA:5,(anonymous_0)
FNDA:1,(anonymous_1)
DA:3,2
DA:4,5
DA:8,1
LF:3
LH:3
BRF:0
BRH:0
end_of_record
TN:
SF:app/assets/sunshine.jpg
FNF:0
FNH:0
DA:1,2
LF:1
LH:1
BRF:0
BRH:0
end_of_record
TN:
SF:app/components/CityWeatherButton.js
FN:6,CityWeatherButton
FNF:1
FNH:1
FNDA:1,CityWeatherButton
DA:7,1
DA:17,3
LF:2
LH:2
BRF:0
BRH:0
end_of_record
TN:
SF:app/components/DetailsListComponent.js
FN:10,DetailsListComponent
FNF:1
FNH:0
FNDA:0,DetailsListComponent
DA:11,0
DA:91,1
LF:2
LH:1
BRF:0
BRH:0
end_of_record
TN:
SF:app/components/MainWeatherComponent.js
FN:6,MainWeatherComponent
FNF:1
FNH:0
FNDA:0,MainWeatherComponent
DA:13,0
DA:25,1
LF:2
LH:1
BRF:0
BRH:0
end_of_record
TN:
SF:app/components/Screen.js
FN:6,Screen
FNF:1
FNH:1
FNDA:2,Screen
DA:7,2
LF:1
LH:1
BRF:0
BRH:0
end_of_record
TN:
SF:app/config/colors.js
FNF:0
FNH:0
LF:0
LH:0
BRF:0
BRH:0
end_of_record
TN:
SF:app/config/constants.js
FNF:0
FNH:0
DA:1,3
DA:2,3
DA:3,3
LF:3
LH:3
BRF:0
BRH:0
end_of_record
TN:
SF:app/config/helpers.js
FN:1,(anonymous_0)
FN:2,(anonymous_1)
FN:3,(anonymous_2)
FN:10,(anonymous_3)
FNF:4
FNH:3
FNDA:1,(anonymous_0)
FNDA:0,(anonymous_1)
FNDA:1,(anonymous_2)
FNDA:1,(anonymous_3)
DA:1,4
DA:2,4
DA:3,4
DA:4,1
DA:5,1
DA:7,1
DA:8,1
DA:10,4
DA:11,1
LF:9
LH:9
BRDA:7,0,0,0
BRDA:7,0,1,1
BRF:2
BRH:1
end_of_record
TN:
SF:app/navigation/MainNavigator.js
FN:8,MainNavigator
FNF:1
FNH:1
FNDA:1,MainNavigator
DA:6,1
DA:9,1
LF:2
LH:2
BRF:0
BRH:0
end_of_record
TN:
SF:app/redux/store.js
FN:8,(anonymous_0)
FNF:1
FNH:1
FNDA:2,(anonymous_0)
DA:4,2
DA:8,2
LF:2
LH:2
BRF:0
BRH:0
end_of_record
TN:
SF:app/redux/actions/types.js
FNF:0
FNH:0
DA:1,3
DA:2,3
LF:2
LH:2
BRF:0
BRH:0
end_of_record
TN:
SF:app/redux/actions/weather.js
FN:3,(anonymous_0)
FN:8,(anonymous_1)
FNF:2
FNH:1
FNDA:1,(anonymous_0)
FNDA:0,(anonymous_1)
DA:3,2
DA:8,2
LF:2
LH:2
BRF:0
BRH:0
end_of_record
TN:
SF:app/redux/reducers/wetaherReducer.js
FN:10,(anonymous_0)
FNF:1
FNH:1
FNDA:7,(anonymous_0)
DA:6,3
DA:10,3
DA:11,7
DA:13,1
DA:19,6
LF:5
LH:5
BRDA:10,0,0,6
BRDA:11,1,0,1
BRDA:11,1,1,6
BRF:3
BRH:3
end_of_record
TN:
SF:app/screens/DetailsScreen.js
FN:8,DetailsScreen
FN:11,(anonymous_1)
FN:12,(anonymous_2)
FNF:3
FNH:0
FNDA:0,DetailsScreen
FNDA:0,(anonymous_1)
FNDA:0,(anonymous_2)
DA:10,0
DA:11,0
DA:12,0
DA:13,0
DA:16,0
DA:32,1
LF:6
LH:1
BRDA:13,0,0,0
BRDA:13,0,1,0
BRF:2
BRH:0
end_of_record
TN:
SF:app/screens/WelcomeScreen.js
FN:7,WelcomeScreen
FN:9,(anonymous_1)
FN:21,(anonymous_2)
FN:22,(anonymous_3)
FN:26,(anonymous_4)
FNF:5
FNH:2
FNDA:2,WelcomeScreen
FNDA:4,(anonymous_1)
FNDA:0,(anonymous_2)
FNDA:0,(anonymous_3)
FNDA:0,(anonymous_4)
DA:9,4
DA:11,2
DA:21,0
DA:23,0
DA:27,0
LF:5
LH:2
BRF:0
BRH:0
end_of_record
